2024-05-07 15:43:58,231:DEBUG:certbot._internal.main:certbot version: 2.10.0
2024-05-07 15:43:58,231:DEBUG:certbot._internal.main:Location of certbot entry point: /usr/local/bin/certbot
2024-05-07 15:43:58,231:DEBUG:certbot._internal.main:Arguments: ['--webroot', '--email', 'eduardoangelis@hotmail.com', '--agree-tos', '--no-eff-email', '--webroot-path=/data/letsencrypt', '-d', 'clientes.tigcm.com.br']
2024-05-07 15:43:58,232:DEBUG:certbot._internal.main:Discovered plugins: PluginsRegistry(PluginEntryPoint#manual,PluginEntryPoint#null,PluginEntryPoint#standalone,PluginEntryPoint#webroot)
2024-05-07 15:43:58,245:DEBUG:certbot._internal.log:Root logging level set at 30
2024-05-07 15:43:58,246:DEBUG:certbot._internal.plugins.selection:Requested authenticator webroot and installer None
2024-05-07 15:43:58,246:DEBUG:certbot._internal.plugins.selection:Single candidate plugin: * webroot
Description: Saves the necessary validation files to a .well-known/acme-challenge/ directory within the nominated webroot path. A seperate HTTP server must be running and serving files from the webroot path. HTTP challenge only (wildcards not supported).
Interfaces: Authenticator, Plugin
Entry point: EntryPoint(name='webroot', value='certbot._internal.plugins.webroot:Authenticator', group='certbot.plugins')
Initialized: <certbot._internal.plugins.webroot.Authenticator object at 0x7f7ebe5c29c0>
Prep: True
2024-05-07 15:43:58,247:DEBUG:certbot._internal.plugins.selection:Selected authenticator <certbot._internal.plugins.webroot.Authenticator object at 0x7f7ebe5c29c0> and installer None
2024-05-07 15:43:58,247:INFO:certbot._internal.plugins.selection:Plugins selected: Authenticator webroot, Installer None
2024-05-07 15:43:58,339:DEBUG:acme.client:Sending GET request to https://acme-v02.api.letsencrypt.org/directory.
2024-05-07 15:43:58,341:DEBUG:urllib3.connectionpool:Starting new HTTPS connection (1): acme-v02.api.letsencrypt.org:443
2024-05-07 15:43:58,478:DEBUG:urllib3.connectionpool:https://acme-v02.api.letsencrypt.org:443 "GET /directory HTTP/1.1" 200 747
2024-05-07 15:43:58,479:DEBUG:acme.client:Received response:
HTTP 200
Server: nginx
Date: Tue, 07 May 2024 15:43:58 GMT
Content-Type: application/json
Content-Length: 747
Connection: keep-alive
Cache-Control: public, max-age=0, no-cache
X-Frame-Options: DENY
Strict-Transport-Security: max-age=604800

{
  "aBSvhcEtoRc": "https://community.letsencrypt.org/t/adding-random-entries-to-the-directory/33417",
  "keyChange": "https://acme-v02.api.letsencrypt.org/acme/key-change",
  "meta": {
    "caaIdentities": [
      "letsencrypt.org"
    ],
    "termsOfService": "https://letsencrypt.org/documents/LE-SA-v1.4-April-3-2024.pdf",
    "website": "https://letsencrypt.org"
  },
  "newAccount": "https://acme-v02.api.letsencrypt.org/acme/new-acct",
  "newNonce": "https://acme-v02.api.letsencrypt.org/acme/new-nonce",
  "newOrder": "https://acme-v02.api.letsencrypt.org/acme/new-order",
  "renewalInfo": "https://acme-v02.api.letsencrypt.org/draft-ietf-acme-ari-02/renewalInfo/",
  "revokeCert": "https://acme-v02.api.letsencrypt.org/acme/revoke-cert"
}
2024-05-07 15:43:58,479:DEBUG:acme.client:Requesting fresh nonce
2024-05-07 15:43:58,479:DEBUG:acme.client:Sending HEAD request to https://acme-v02.api.letsencrypt.org/acme/new-nonce.
2024-05-07 15:43:58,524:DEBUG:urllib3.connectionpool:https://acme-v02.api.letsencrypt.org:443 "HEAD /acme/new-nonce HTTP/1.1" 200 0
2024-05-07 15:43:58,525:DEBUG:acme.client:Received response:
HTTP 200
Server: nginx
Date: Tue, 07 May 2024 15:43:58 GMT
Connection: keep-alive
Cache-Control: public, max-age=0, no-cache
Link: <https://acme-v02.api.letsencrypt.org/directory>;rel="index"
Replay-Nonce: Gy4YNW4qI64rtyU5kHLtUpvRoIqrSrp7rF2hM1XaBqBeVNc0BFs
X-Frame-Options: DENY
Strict-Transport-Security: max-age=604800


2024-05-07 15:43:58,525:DEBUG:acme.client:Storing nonce: Gy4YNW4qI64rtyU5kHLtUpvRoIqrSrp7rF2hM1XaBqBeVNc0BFs
2024-05-07 15:43:58,525:DEBUG:acme.client:JWS payload:
b'{\n  "contact": [\n    "mailto:eduardoangelis@hotmail.com"\n  ],\n  "termsOfServiceAgreed": true\n}'
2024-05-07 15:43:58,528:DEBUG:acme.client:Sending POST request to https://acme-v02.api.letsencrypt.org/acme/new-acct:
{
  "protected": "eyJhbGciOiAiUlMyNTYiLCAiandrIjogeyJuIjogIm1ROXBnNV9MQ3J2Zm9LbGVoRzF2S0tsUENXdGM3VTFCT3FXUDFGUkJITWk4cHZzRjBPdGVoaUxjTHd4WnZzSmxTMndlOWpHY0ZCQXRObmJVUmRGN0RwSmNINFhvclJpcF9oYUo1QVRQNlotdGozMTJqRmFUcDd0eGEyYlFfZ3hrNHBscVZvakowX0UwUFEwUURnQlRsZW5NTjZMTVhHODFYc1NhcHZfc1RkbjE5cUpVcDFXOW1ZTUctVV83MHJ0WW4wSlYyODVNR2JUd2hLMnRKZ0hFYUIyTWg4MXZrXzZ5Ty1kekpoN1pGOVhxRENXYmJZYy11V2ZxcjE2NmpkWHVkc0ZyMVpwcHZrczJVRUpVcFN4YV9kaS1GYnppbWNyUzFrMEI1SkZrcnZwLXY1Z0xUMWRCal9oeGg3cVk1a19sVFgxazVEdzExY085MWI5dG0wRC1ZdyIsICJlIjogIkFRQUIiLCAia3R5IjogIlJTQSJ9LCAibm9uY2UiOiAiR3k0WU5XNHFJNjRydHlVNWtITHRVcHZSb0lxclNycDdyRjJoTTFYYUJxQmVWTmMwQkZzIiwgInVybCI6ICJodHRwczovL2FjbWUtdjAyLmFwaS5sZXRzZW5jcnlwdC5vcmcvYWNtZS9uZXctYWNjdCJ9",
  "signature": "E7il7DdXMeinHk5GK94Um4OsYRLdJeBVBDUeLLHC3OkbY4QY6NM5yV7VwaVCepvuzCkgnz3AvGQqDXvIgu8lyDCphfaCAuPFM8DAlUaGc6iY679PA2QWnXx_ZE51Do3l4SESeDhLQ1oo0KcjHJO4RAZgRS1JJHBWh5krkwi23H71lcwe2sRG5wdCiEgMH7mmrVLFss7sp_YUK16APvduFp2-G4ESCBh90U_TssZYmzIgT99gLT_D0X-SjvhvdTxZTB7XDpZD7hK3EFD3KYA1kTI4oKh_qcEwuiG0czvlyDtpemvsOeooulyO7jnuVrXa0dSVC21A0fkS9kZHsBWvEg",
  "payload": "ewogICJjb250YWN0IjogWwogICAgIm1haWx0bzplZHVhcmRvYW5nZWxpc0Bob3RtYWlsLmNvbSIKICBdLAogICJ0ZXJtc09mU2VydmljZUFncmVlZCI6IHRydWUKfQ"
}
2024-05-07 15:43:58,584:DEBUG:urllib3.connectionpool:https://acme-v02.api.letsencrypt.org:443 "POST /acme/new-acct HTTP/1.1" 201 568
2024-05-07 15:43:58,584:DEBUG:acme.client:Received response:
HTTP 201
Server: nginx
Date: Tue, 07 May 2024 15:43:58 GMT
Content-Type: application/json
Content-Length: 568
Connection: keep-alive
Boulder-Requester: 1713813707
Cache-Control: public, max-age=0, no-cache
Link: <https://acme-v02.api.letsencrypt.org/directory>;rel="index", <https://letsencrypt.org/documents/LE-SA-v1.4-April-3-2024.pdf>;rel="terms-of-service"
Location: https://acme-v02.api.letsencrypt.org/acme/acct/1713813707
Replay-Nonce: R8tUGx_ZPchz1fmGTC0wQ-KRDQu42u-GdPj-m2fc3peALRUXfOk
X-Frame-Options: DENY
Strict-Transport-Security: max-age=604800

{
  "key": {
    "kty": "RSA",
    "n": "mQ9pg5_LCrvfoKlehG1vKKlPCWtc7U1BOqWP1FRBHMi8pvsF0OtehiLcLwxZvsJlS2we9jGcFBAtNnbURdF7DpJcH4XorRip_haJ5ATP6Z-tj312jFaTp7txa2bQ_gxk4plqVojJ0_E0PQ0QDgBTlenMN6LMXG81XsSapv_sTdn19qJUp1W9mYMG-U_70rtYn0JV285MGbTwhK2tJgHEaB2Mh81vk_6yO-dzJh7ZF9XqDCWbbYc-uWfqr166jdXudsFr1Zppvks2UEJUpSxa_di-FbzimcrS1k0B5JFkrvp-v5gLT1dBj_hxh7qY5k_lTX1k5Dw11cO91b9tm0D-Yw",
    "e": "AQAB"
  },
  "contact": [
    "mailto:eduardoangelis@hotmail.com"
  ],
  "initialIp": "3.149.231.93",
  "createdAt": "2024-05-07T15:43:58.559951507Z",
  "status": "valid"
}
2024-05-07 15:43:58,584:DEBUG:acme.client:Storing nonce: R8tUGx_ZPchz1fmGTC0wQ-KRDQu42u-GdPj-m2fc3peALRUXfOk
2024-05-07 15:43:58,586:DEBUG:certbot._internal.display.obj:Notifying user: Account registered.
2024-05-07 15:43:58,586:DEBUG:certbot._internal.main:Picked account: <Account(RegistrationResource(body=Registration(key=JWKRSA(key=<ComparableRSAKey(<cryptography.hazmat.bindings._rust.openssl.rsa.RSAPublicKey object at 0x7f7ebc00f590>)>), contact=('mailto:eduardoangelis@hotmail.com',), agreement=None, status='valid', terms_of_service_agreed=None, only_return_existing=None, external_account_binding=None), uri='https://acme-v02.api.letsencrypt.org/acme/acct/1713813707', new_authzr_uri=None, terms_of_service='https://letsencrypt.org/documents/LE-SA-v1.4-April-3-2024.pdf'), e37f94dcfad790aea470debbe8b23b37, Meta(creation_dt=datetime.datetime(2024, 5, 7, 15, 43, 58, tzinfo=<UTC>), creation_host='ec48fa78ec94', register_to_eff=None))>
2024-05-07 15:43:58,588:DEBUG:certbot._internal.display.obj:Notifying user: Requesting a certificate for clientes.tigcm.com.br
2024-05-07 15:43:58,593:DEBUG:acme.client:JWS payload:
b'{\n  "identifiers": [\n    {\n      "type": "dns",\n      "value": "clientes.tigcm.com.br"\n    }\n  ]\n}'
2024-05-07 15:43:58,594:DEBUG:acme.client:Sending POST request to https://acme-v02.api.letsencrypt.org/acme/new-order:
{
  "protected": "eyJhbGciOiAiUlMyNTYiLCAia2lkIjogImh0dHBzOi8vYWNtZS12MDIuYXBpLmxldHNlbmNyeXB0Lm9yZy9hY21lL2FjY3QvMTcxMzgxMzcwNyIsICJub25jZSI6ICJSOHRVR3hfWlBjaHoxZm1HVEMwd1EtS1JEUXU0MnUtR2RQai1tMmZjM3BlQUxSVVhmT2siLCAidXJsIjogImh0dHBzOi8vYWNtZS12MDIuYXBpLmxldHNlbmNyeXB0Lm9yZy9hY21lL25ldy1vcmRlciJ9",
  "signature": "GwMFRq_USsDwwDuPWOztC1yQ8tnE7WHI4eGaG1d-B3lOQBu7GVd3-lRiDy1EKOoOW8s5n0WgkgYpUAYkBUP87UnrTz2SEkZ-_tguq3_8PcjR9SfAqt5pCr0KGGgURJwHC1NuRL7-FW899zznZI06ZJvghNYx3RCBknQHSgSuwmANxtDR71XV16QCxNahhUu6gLFitvNwoMc-gnnV_EC3zitI8XvADtppfzwXDoRL88Htr8dmClCJ91oek61mwT9aI67tofkgmRGhtCJ3FUKegHUICgI5NCe5d0407XELjEbl9UUvzVZJaZ1XmGG9A-NB9mPEF8Tv6NpQe-EKwOfZ5g",
  "payload": "ewogICJpZGVudGlmaWVycyI6IFsKICAgIHsKICAgICAgInR5cGUiOiAiZG5zIiwKICAgICAgInZhbHVlIjogImNsaWVudGVzLnRpZ2NtLmNvbS5iciIKICAgIH0KICBdCn0"
}
2024-05-07 15:43:58,676:DEBUG:urllib3.connectionpool:https://acme-v02.api.letsencrypt.org:443 "POST /acme/new-order HTTP/1.1" 201 347
2024-05-07 15:43:58,676:DEBUG:acme.client:Received response:
HTTP 201
Server: nginx
Date: Tue, 07 May 2024 15:43:58 GMT
Content-Type: application/json
Content-Length: 347
Connection: keep-alive
Boulder-Requester: 1713813707
Cache-Control: public, max-age=0, no-cache
Link: <https://acme-v02.api.letsencrypt.org/directory>;rel="index"
Location: https://acme-v02.api.letsencrypt.org/acme/order/1713813707/267390816217
Replay-Nonce: Gy4YNW4qwSWVMUyuDNH9cPwZrYaZRFmZ8QMAB2ySuMM4VR8X1oE
X-Frame-Options: DENY
Strict-Transport-Security: max-age=604800

{
  "status": "pending",
  "expires": "2024-05-14T15:43:58Z",
  "identifiers": [
    {
      "type": "dns",
      "value": "clientes.tigcm.com.br"
    }
  ],
  "authorizations": [
    "https://acme-v02.api.letsencrypt.org/acme/authz-v3/347844964517"
  ],
  "finalize": "https://acme-v02.api.letsencrypt.org/acme/finalize/1713813707/267390816217"
}
2024-05-07 15:43:58,676:DEBUG:acme.client:Storing nonce: Gy4YNW4qwSWVMUyuDNH9cPwZrYaZRFmZ8QMAB2ySuMM4VR8X1oE
2024-05-07 15:43:58,677:DEBUG:acme.client:JWS payload:
b''
2024-05-07 15:43:58,678:DEBUG:acme.client:Sending POST request to https://acme-v02.api.letsencrypt.org/acme/authz-v3/347844964517:
{
  "protected": "eyJhbGciOiAiUlMyNTYiLCAia2lkIjogImh0dHBzOi8vYWNtZS12MDIuYXBpLmxldHNlbmNyeXB0Lm9yZy9hY21lL2FjY3QvMTcxMzgxMzcwNyIsICJub25jZSI6ICJHeTRZTlc0cXdTV1ZNVXl1RE5IOWNQd1pyWWFaUkZtWjhRTUFCMnlTdU1NNFZSOFgxb0UiLCAidXJsIjogImh0dHBzOi8vYWNtZS12MDIuYXBpLmxldHNlbmNyeXB0Lm9yZy9hY21lL2F1dGh6LXYzLzM0Nzg0NDk2NDUxNyJ9",
  "signature": "DjsrEFsbsGSJHXe95GecFWCxlp6cOmi0cMJMwQTqqyWW5oB46AB-Ee96L6U5ptzR1-kjzQn7d8UqcbQTvmgzWaz0U6awfkiUcyXBc7YKYNnSVDr02kzVI1ldcYNQ3-ksrnuLOrWPqNDDk00ND_8Sg9uc_K-yF-NB5jzctw3rMV7cTP8gdlFv1Qz0m3sMVVNAh5zxg8ngQpTJ1myGQ-g12Y_dvWVVNpylvt3QxBDQgPv-INJEXNTkr9hr-QMZs3aUOnCbdAW9O809K1oO_mjOEggXx1STTEhns3uCQLb95-Y7v3I2FrB6uJV3rQ2PPua-208fpSx5xsKLJ5UuM2zaSg",
  "payload": ""
}
2024-05-07 15:43:58,727:DEBUG:urllib3.connectionpool:https://acme-v02.api.letsencrypt.org:443 "POST /acme/authz-v3/347844964517 HTTP/1.1" 200 805
2024-05-07 15:43:58,728:DEBUG:acme.client:Received response:
HTTP 200
Server: nginx
Date: Tue, 07 May 2024 15:43:58 GMT
Content-Type: application/json
Content-Length: 805
Connection: keep-alive
Boulder-Requester: 1713813707
Cache-Control: public, max-age=0, no-cache
Link: <https://acme-v02.api.letsencrypt.org/directory>;rel="index"
Replay-Nonce: Gy4YNW4q5ZCUpgbu0NojPuYkHwJlfgKAfD802Z1rC3KEWhTaLdI
X-Frame-Options: DENY
Strict-Transport-Security: max-age=604800

{
  "identifier": {
    "type": "dns",
    "value": "clientes.tigcm.com.br"
  },
  "status": "pending",
  "expires": "2024-05-14T15:43:58Z",
  "challenges": [
    {
      "type": "http-01",
      "status": "pending",
      "url": "https://acme-v02.api.letsencrypt.org/acme/chall-v3/347844964517/J3Dtvg",
      "token": "CAtpqGNfijAViPfwBNLmoQMpMpAJ9pn_SAvDkm9J19Q"
    },
    {
      "type": "dns-01",
      "status": "pending",
      "url": "https://acme-v02.api.letsencrypt.org/acme/chall-v3/347844964517/9CGqYA",
      "token": "CAtpqGNfijAViPfwBNLmoQMpMpAJ9pn_SAvDkm9J19Q"
    },
    {
      "type": "tls-alpn-01",
      "status": "pending",
      "url": "https://acme-v02.api.letsencrypt.org/acme/chall-v3/347844964517/ny05kw",
      "token": "CAtpqGNfijAViPfwBNLmoQMpMpAJ9pn_SAvDkm9J19Q"
    }
  ]
}
2024-05-07 15:43:58,728:DEBUG:acme.client:Storing nonce: Gy4YNW4q5ZCUpgbu0NojPuYkHwJlfgKAfD802Z1rC3KEWhTaLdI
2024-05-07 15:43:58,728:INFO:certbot._internal.auth_handler:Performing the following challenges:
2024-05-07 15:43:58,728:INFO:certbot._internal.auth_handler:http-01 challenge for clientes.tigcm.com.br
2024-05-07 15:43:58,729:INFO:certbot._internal.plugins.webroot:Using the webroot path /data/letsencrypt for all unmatched domains.
2024-05-07 15:43:58,729:DEBUG:certbot._internal.plugins.webroot:Creating root challenges validation dir at /data/letsencrypt/.well-known/acme-challenge
2024-05-07 15:43:58,730:DEBUG:certbot._internal.plugins.webroot:Attempting to save validation to /data/letsencrypt/.well-known/acme-challenge/CAtpqGNfijAViPfwBNLmoQMpMpAJ9pn_SAvDkm9J19Q
2024-05-07 15:43:58,730:DEBUG:acme.client:JWS payload:
b'{}'
2024-05-07 15:43:58,731:DEBUG:acme.client:Sending POST request to https://acme-v02.api.letsencrypt.org/acme/chall-v3/347844964517/J3Dtvg:
{
  "protected": "eyJhbGciOiAiUlMyNTYiLCAia2lkIjogImh0dHBzOi8vYWNtZS12MDIuYXBpLmxldHNlbmNyeXB0Lm9yZy9hY21lL2FjY3QvMTcxMzgxMzcwNyIsICJub25jZSI6ICJHeTRZTlc0cTVaQ1VwZ2J1ME5valB1WWtId0psZmdLQWZEODAyWjFyQzNLRVdoVGFMZEkiLCAidXJsIjogImh0dHBzOi8vYWNtZS12MDIuYXBpLmxldHNlbmNyeXB0Lm9yZy9hY21lL2NoYWxsLXYzLzM0Nzg0NDk2NDUxNy9KM0R0dmcifQ",
  "signature": "Y4LTfeETj4mbgUJnO0T7zOPQnIQKNcGK3TY9_TRaUgobEjSwXPWypDgubStVJaTVkZsB1oeB_NWhUXpAJQTI1zqOS2LmOQTbP-M2-H-NYiTNbOgoz4tQ4B_aFW4dPUNo251JH-bgvEJHzGucW61oV9iSFirL9GPYiXorkiaG0yWEf3Vaqb11jGe-oNLR90EGV4c4Dqy3q_pXPF9q749HzaO41tOyYAJBf1GGPNbAb6Vd5qYM6phNbNpQY3pRNnlKyIqp4bgeuLk2dKCMBCFKExUwY8LHG5sf5md7y54mWktEaYlk3ZgO2oyLE8MkMHyH43SOPcMF0OHfVAQ8FdIPwQ",
  "payload": "e30"
}
2024-05-07 15:43:58,782:DEBUG:urllib3.connectionpool:https://acme-v02.api.letsencrypt.org:443 "POST /acme/chall-v3/347844964517/J3Dtvg HTTP/1.1" 200 187
2024-05-07 15:43:58,782:DEBUG:acme.client:Received response:
HTTP 200
Server: nginx
Date: Tue, 07 May 2024 15:43:58 GMT
Content-Type: application/json
Content-Length: 187
Connection: keep-alive
Boulder-Requester: 1713813707
Cache-Control: public, max-age=0, no-cache
Link: <https://acme-v02.api.letsencrypt.org/directory>;rel="index", <https://acme-v02.api.letsencrypt.org/acme/authz-v3/347844964517>;rel="up"
Location: https://acme-v02.api.letsencrypt.org/acme/chall-v3/347844964517/J3Dtvg
Replay-Nonce: R8tUGx_ZHLDrMIy3vV4QYmPnfFDEUUFz-1281xqGhgUxPXj0XyE
X-Frame-Options: DENY
Strict-Transport-Security: max-age=604800

{
  "type": "http-01",
  "status": "pending",
  "url": "https://acme-v02.api.letsencrypt.org/acme/chall-v3/347844964517/J3Dtvg",
  "token": "CAtpqGNfijAViPfwBNLmoQMpMpAJ9pn_SAvDkm9J19Q"
}
2024-05-07 15:43:58,782:DEBUG:acme.client:Storing nonce: R8tUGx_ZHLDrMIy3vV4QYmPnfFDEUUFz-1281xqGhgUxPXj0XyE
2024-05-07 15:43:58,782:INFO:certbot._internal.auth_handler:Waiting for verification...
2024-05-07 15:43:59,783:DEBUG:acme.client:JWS payload:
b''
2024-05-07 15:43:59,785:DEBUG:acme.client:Sending POST request to https://acme-v02.api.letsencrypt.org/acme/authz-v3/347844964517:
{
  "protected": "eyJhbGciOiAiUlMyNTYiLCAia2lkIjogImh0dHBzOi8vYWNtZS12MDIuYXBpLmxldHNlbmNyeXB0Lm9yZy9hY21lL2FjY3QvMTcxMzgxMzcwNyIsICJub25jZSI6ICJSOHRVR3hfWkhMRHJNSXkzdlY0UVltUG5mRkRFVVVGei0xMjgxeHFHaGdVeFBYajBYeUUiLCAidXJsIjogImh0dHBzOi8vYWNtZS12MDIuYXBpLmxldHNlbmNyeXB0Lm9yZy9hY21lL2F1dGh6LXYzLzM0Nzg0NDk2NDUxNyJ9",
  "signature": "WMqFTTFyuzFr1fwNAH9UiTlj61juUZiBTXLJtIo1pXof-cNofoaEnY7BAypfvrPx0ozal9vSOi8Sf0pyoorEmJXdg320s0hZLnYRzyQIqPxt3vAFgonxeqsdEw3v16vOC23X6lTH2bhFEtgLJVGczCoo6VUV91l8acoesHxHDmpi6QD-MNEt3zRFZoGHy1YlBoCGreVf01PR1reBUmVl952tRj243TJhtF8J5O22yczIb6J1c_WgdWm-y6M1FbbKML9d5-9F-z1k6jgNkJIQhT9lRmMos4NCMrL1ynVaHLm20oM_VCLGyHV2N-Jgzy7XnTwKKQ7Kg1vP0cJHIDtu6Q",
  "payload": ""
}
2024-05-07 15:43:59,834:DEBUG:urllib3.connectionpool:https://acme-v02.api.letsencrypt.org:443 "POST /acme/authz-v3/347844964517 HTTP/1.1" 200 888
2024-05-07 15:43:59,835:DEBUG:acme.client:Received response:
HTTP 200
Server: nginx
Date: Tue, 07 May 2024 15:43:59 GMT
Content-Type: application/json
Content-Length: 888
Connection: keep-alive
Boulder-Requester: 1713813707
Cache-Control: public, max-age=0, no-cache
Link: <https://acme-v02.api.letsencrypt.org/directory>;rel="index"
Replay-Nonce: Gy4YNW4qn4h4xBDi2dT33L3uiPFNIUpyHq6QVnLZsB5eRzUOBo4
X-Frame-Options: DENY
Strict-Transport-Security: max-age=604800

{
  "identifier": {
    "type": "dns",
    "value": "clientes.tigcm.com.br"
  },
  "status": "valid",
  "expires": "2024-06-06T15:43:59Z",
  "challenges": [
    {
      "type": "http-01",
      "status": "valid",
      "url": "https://acme-v02.api.letsencrypt.org/acme/chall-v3/347844964517/J3Dtvg",
      "token": "CAtpqGNfijAViPfwBNLmoQMpMpAJ9pn_SAvDkm9J19Q",
      "validationRecord": [
        {
          "url": "http://clientes.tigcm.com.br/.well-known/acme-challenge/CAtpqGNfijAViPfwBNLmoQMpMpAJ9pn_SAvDkm9J19Q",
          "hostname": "clientes.tigcm.com.br",
          "port": "80",
          "addressesResolved": [
            "3.149.231.93"
          ],
          "addressUsed": "3.149.231.93",
          "resolverAddrs": [
            "A:10.0.12.83:26820",
            "AAAA:10.0.12.83:29255"
          ]
        }
      ],
      "validated": "2024-05-07T15:43:58Z"
    }
  ]
}
2024-05-07 15:43:59,835:DEBUG:acme.client:Storing nonce: Gy4YNW4qn4h4xBDi2dT33L3uiPFNIUpyHq6QVnLZsB5eRzUOBo4
2024-05-07 15:43:59,835:DEBUG:certbot._internal.error_handler:Calling registered functions
2024-05-07 15:43:59,835:INFO:certbot._internal.auth_handler:Cleaning up challenges
2024-05-07 15:43:59,836:DEBUG:certbot._internal.plugins.webroot:Removing /data/letsencrypt/.well-known/acme-challenge/CAtpqGNfijAViPfwBNLmoQMpMpAJ9pn_SAvDkm9J19Q
2024-05-07 15:43:59,836:DEBUG:certbot._internal.plugins.webroot:All challenges cleaned up
2024-05-07 15:43:59,836:DEBUG:certbot._internal.client:CSR: CSR(file=None, data=b'-----BEGIN CERTIFICATE REQUEST-----\nMIHvMIGVAgEAMAAwWTATBgcqhkjOPQIBBggqhkjOPQMBBwNCAATpA7x4oBNFsKSj\nGaMTbRuqza7yscn/P+2FzV503njMpRC1fRigznA3tQWn2LUdfR3FAzMaj+hNZtbW\nW1eVyUcJoDMwMQYJKoZIhvcNAQkOMSQwIjAgBgNVHREEGTAXghVjbGllbnRlcy50\naWdjbS5jb20uYnIwCgYIKoZIzj0EAwIDSQAwRgIhAMIv9tmpQxU4xLgUJzsVawQM\neNLMNkgWjc+nWYPlJIWRAiEA6xwrKRZp+X2DcUMrKmgU317cfTEa/LrciiW/REze\nsPs=\n-----END CERTIFICATE REQUEST-----\n', form='pem')
2024-05-07 15:43:59,837:DEBUG:certbot._internal.client:Will poll for certificate issuance until 2024-05-07 15:45:29.837067
2024-05-07 15:43:59,837:DEBUG:acme.client:JWS payload:
b'{\n  "csr": "MIHvMIGVAgEAMAAwWTATBgcqhkjOPQIBBggqhkjOPQMBBwNCAATpA7x4oBNFsKSjGaMTbRuqza7yscn_P-2FzV503njMpRC1fRigznA3tQWn2LUdfR3FAzMaj-hNZtbWW1eVyUcJoDMwMQYJKoZIhvcNAQkOMSQwIjAgBgNVHREEGTAXghVjbGllbnRlcy50aWdjbS5jb20uYnIwCgYIKoZIzj0EAwIDSQAwRgIhAMIv9tmpQxU4xLgUJzsVawQMeNLMNkgWjc-nWYPlJIWRAiEA6xwrKRZp-X2DcUMrKmgU317cfTEa_LrciiW_REzesPs"\n}'
2024-05-07 15:43:59,839:DEBUG:acme.client:Sending POST request to https://acme-v02.api.letsencrypt.org/acme/finalize/1713813707/267390816217:
{
  "protected": "eyJhbGciOiAiUlMyNTYiLCAia2lkIjogImh0dHBzOi8vYWNtZS12MDIuYXBpLmxldHNlbmNyeXB0Lm9yZy9hY21lL2FjY3QvMTcxMzgxMzcwNyIsICJub25jZSI6ICJHeTRZTlc0cW40aDR4QkRpMmRUMzNMM3VpUEZOSVVweUhxNlFWbkxac0I1ZVJ6VU9CbzQiLCAidXJsIjogImh0dHBzOi8vYWNtZS12MDIuYXBpLmxldHNlbmNyeXB0Lm9yZy9hY21lL2ZpbmFsaXplLzE3MTM4MTM3MDcvMjY3MzkwODE2MjE3In0",
  "signature": "GvXX2WHXg8Nwet4jRD-yNwThpbWI4aLIE-6Bs1xjL8pBCTb0JZOkSChdmY7EDM_KhC7aE8CHPMcfUpSGfwY3Bh0Rfba9ADj3qw6oDVPuc4k4lPdQeW_-N-vaUg4rYG0SuqyvXv8viI93EMCCD5c7n6H4sAJrFXWEv2T15cgUtG0pD_fpwlkxvDtCoFOcdMwKMWFpk5RMdrHYGU0Ev3GA8-lHEJkRg4cUrQizvb-GzDB97US7rzMFrFDWyPVoCsyattq5jq4EYhmwre0Rop7HY5mA6fE0_fnDK3FyyFQU7TsexKcO27-RIOSRirHw4P0omO3G-McGAwNjN9Tkp6IIVg",
  "payload": "ewogICJjc3IiOiAiTUlIdk1JR1ZBZ0VBTUFBd1dUQVRCZ2NxaGtqT1BRSUJCZ2dxaGtqT1BRTUJCd05DQUFUcEE3eDRvQk5Gc0tTakdhTVRiUnVxemE3eXNjbl9QLTJGelY1MDNuak1wUkMxZlJpZ3puQTN0UVduMkxVZGZSM0ZBek1hai1oTlp0YldXMWVWeVVjSm9ETXdNUVlKS29aSWh2Y05BUWtPTVNRd0lqQWdCZ05WSFJFRUdUQVhnaFZqYkdsbGJuUmxjeTUwYVdkamJTNWpiMjB1WW5Jd0NnWUlLb1pJemowRUF3SURTUUF3UmdJaEFNSXY5dG1wUXhVNHhMZ1VKenNWYXdRTWVOTE1Oa2dXamMtbldZUGxKSVdSQWlFQTZ4d3JLUlpwLVgyRGNVTXJLbWdVMzE3Y2ZURWFfTHJjaWlXX1JFemVzUHMiCn0"
}
2024-05-07 15:44:00,046:DEBUG:urllib3.connectionpool:https://acme-v02.api.letsencrypt.org:443 "POST /acme/finalize/1713813707/267390816217 HTTP/1.1" 200 449
2024-05-07 15:44:00,047:DEBUG:acme.client:Received response:
HTTP 200
Server: nginx
Date: Tue, 07 May 2024 15:44:00 GMT
Content-Type: application/json
Content-Length: 449
Connection: keep-alive
Boulder-Requester: 1713813707
Cache-Control: public, max-age=0, no-cache
Link: <https://acme-v02.api.letsencrypt.org/directory>;rel="index"
Location: https://acme-v02.api.letsencrypt.org/acme/order/1713813707/267390816217
Replay-Nonce: Gy4YNW4qLe5nwKBy5IWExOAavGWjz7h4lgQIdNtCIhk_w2r64HY
X-Frame-Options: DENY
Strict-Transport-Security: max-age=604800

{
  "status": "valid",
  "expires": "2024-05-14T15:43:58Z",
  "identifiers": [
    {
      "type": "dns",
      "value": "clientes.tigcm.com.br"
    }
  ],
  "authorizations": [
    "https://acme-v02.api.letsencrypt.org/acme/authz-v3/347844964517"
  ],
  "finalize": "https://acme-v02.api.letsencrypt.org/acme/finalize/1713813707/267390816217",
  "certificate": "https://acme-v02.api.letsencrypt.org/acme/cert/030d2304b62a606e6eec85d4315e82e7a1f3"
}
2024-05-07 15:44:00,047:DEBUG:acme.client:Storing nonce: Gy4YNW4qLe5nwKBy5IWExOAavGWjz7h4lgQIdNtCIhk_w2r64HY
2024-05-07 15:44:01,048:DEBUG:acme.client:JWS payload:
b''
2024-05-07 15:44:01,049:DEBUG:acme.client:Sending POST request to https://acme-v02.api.letsencrypt.org/acme/order/1713813707/267390816217:
{
  "protected": "eyJhbGciOiAiUlMyNTYiLCAia2lkIjogImh0dHBzOi8vYWNtZS12MDIuYXBpLmxldHNlbmNyeXB0Lm9yZy9hY21lL2FjY3QvMTcxMzgxMzcwNyIsICJub25jZSI6ICJHeTRZTlc0cUxlNW53S0J5NUlXRXhPQWF2R1dqejdoNGxnUUlkTnRDSWhrX3cycjY0SFkiLCAidXJsIjogImh0dHBzOi8vYWNtZS12MDIuYXBpLmxldHNlbmNyeXB0Lm9yZy9hY21lL29yZGVyLzE3MTM4MTM3MDcvMjY3MzkwODE2MjE3In0",
  "signature": "T1384eFf2qBs_vc5yJ_NjoQBaSrjEg3RKSV8CX5-OC-2nxuZmoRGbhdJ7KZAxnKNIZxdi537vMjESJ2yEcmk11BPH8UNOStr3FcrbGrTzs9G6bvTFPv4YA6yi_DpZ1z_4eiBQsrdm1N6z-9LbUn7yR6IwhOKmqwN_5Vf8AFEo2pVBz_LbZNIYh6vcSwsvkP-IZtbtDOofcKqj6zFQseSXbDR3Ic1GwESoew0Koze5CevKo0f6lbxtWLrV13zYSEdn6qACBFQSg9BI99PmDn4r70a0Hr2G_RKLvgKF-MHHN8OMO0qiHLzFzWwIAkw-mQUVQVll11BjnvlRQ7biqT-fg",
  "payload": ""
}
2024-05-07 15:44:01,099:DEBUG:urllib3.connectionpool:https://acme-v02.api.letsencrypt.org:443 "POST /acme/order/1713813707/267390816217 HTTP/1.1" 200 449
2024-05-07 15:44:01,100:DEBUG:acme.client:Received response:
HTTP 200
Server: nginx
Date: Tue, 07 May 2024 15:44:01 GMT
Content-Type: application/json
Content-Length: 449
Connection: keep-alive
Cache-Control: public, max-age=0, no-cache
Link: <https://acme-v02.api.letsencrypt.org/directory>;rel="index"
Replay-Nonce: R8tUGx_ZZDxxmhlP-MAYQzXxqzM5bSXqqNjIs-4uSOo6fvdpYMk
X-Frame-Options: DENY
Strict-Transport-Security: max-age=604800

{
  "status": "valid",
  "expires": "2024-05-14T15:43:58Z",
  "identifiers": [
    {
      "type": "dns",
      "value": "clientes.tigcm.com.br"
    }
  ],
  "authorizations": [
    "https://acme-v02.api.letsencrypt.org/acme/authz-v3/347844964517"
  ],
  "finalize": "https://acme-v02.api.letsencrypt.org/acme/finalize/1713813707/267390816217",
  "certificate": "https://acme-v02.api.letsencrypt.org/acme/cert/030d2304b62a606e6eec85d4315e82e7a1f3"
}
2024-05-07 15:44:01,100:DEBUG:acme.client:Storing nonce: R8tUGx_ZZDxxmhlP-MAYQzXxqzM5bSXqqNjIs-4uSOo6fvdpYMk
2024-05-07 15:44:01,100:DEBUG:acme.client:JWS payload:
b''
2024-05-07 15:44:01,102:DEBUG:acme.client:Sending POST request to https://acme-v02.api.letsencrypt.org/acme/cert/030d2304b62a606e6eec85d4315e82e7a1f3:
{
  "protected": "eyJhbGciOiAiUlMyNTYiLCAia2lkIjogImh0dHBzOi8vYWNtZS12MDIuYXBpLmxldHNlbmNyeXB0Lm9yZy9hY21lL2FjY3QvMTcxMzgxMzcwNyIsICJub25jZSI6ICJSOHRVR3hfWlpEeHhtaGxQLU1BWVF6WHhxek01YlNYcXFOaklzLTR1U09vNmZ2ZHBZTWsiLCAidXJsIjogImh0dHBzOi8vYWNtZS12MDIuYXBpLmxldHNlbmNyeXB0Lm9yZy9hY21lL2NlcnQvMDMwZDIzMDRiNjJhNjA2ZTZlZWM4NWQ0MzE1ZTgyZTdhMWYzIn0",
  "signature": "KMCKTy242ixKidlwetz-Y0-wSNRbCvxvxQolLBaAkN09suV_j-40EgXG7zlazZs4gJBKF9OAxZjXiHPkDG82Y4fpgk0PDcSBIuWiqEFVZ-plr5dpBOQvkeTXELR8qTPlKRLmy-6e3t95RB_bopo-SRYcLB8ANWtCxcXwlimmN20GFUTbFNCg3ydGm4YvL7E58-FluCK8O9njl1MtzDcUEKQr9IcSPL7k9Z7yVYNNJC1JD0acsMXzydZCqf0GCFFEKwo78GG3ghpjFJTznRo_IaaKghRbrIG7F2P5KDeCob477boPT9yVZuE52MhzAr-Jt1yzyMhuzhX6NfKaFGajTw",
  "payload": ""
}
2024-05-07 15:44:01,151:DEBUG:urllib3.connectionpool:https://acme-v02.api.letsencrypt.org:443 "POST /acme/cert/030d2304b62a606e6eec85d4315e82e7a1f3 HTTP/1.1" 200 3336
2024-05-07 15:44:01,151:DEBUG:acme.client:Received response:
HTTP 200
Server: nginx
Date: Tue, 07 May 2024 15:44:01 GMT
Content-Type: application/pem-certificate-chain
Content-Length: 3336
Connection: keep-alive
Cache-Control: public, max-age=0, no-cache
Link: <https://acme-v02.api.letsencrypt.org/directory>;rel="index", <https://acme-v02.api.letsencrypt.org/acme/cert/030d2304b62a606e6eec85d4315e82e7a1f3/1>;rel="alternate"
Replay-Nonce: Gy4YNW4q4uLuFxmMujgqktJE8I-OFm-vcKiyDyAK1xd82Ihof5g
X-Frame-Options: DENY
Strict-Transport-Security: max-age=604800

-----BEGIN CERTIFICATE-----
MIIELTCCAxWgAwIBAgISAw0jBLYqYG5u7IXUMV6C56HzMA0GCSqGSIb3DQEBCwUA
MDIxCzAJBgNVBAYTAlVTMRYwFAYDVQQKEw1MZXQncyBFbmNyeXB0MQswCQYDVQQD
EwJSMzAeFw0yNDA1MDcxNDQzNTlaFw0yNDA4MDUxNDQzNThaMCAxHjAcBgNVBAMT
FWNsaWVudGVzLnRpZ2NtLmNvbS5icjBZMBMGByqGSM49AgEGCCqGSM49AwEHA0IA
BOkDvHigE0WwpKMZoxNtG6rNrvKxyf8/7YXNXnTeeMylELV9GKDOcDe1BafYtR19
HcUDMxqP6E1m1tZbV5XJRwmjggIYMIICFDAOBgNVHQ8BAf8EBAMCB4AwHQYDVR0l
BBYwFAYIKwYBBQUHAwEGCCsGAQUFBwMCMAwGA1UdEwEB/wQCMAAwHQYDVR0OBBYE
FOvbVMAg/5hN3yHNT5tl7uCQRUTeMB8GA1UdIwQYMBaAFBQusxe3WFbLrlAJQOYf
r52LFMLGMFUGCCsGAQUFBwEBBEkwRzAhBggrBgEFBQcwAYYVaHR0cDovL3IzLm8u
bGVuY3Iub3JnMCIGCCsGAQUFBzAChhZodHRwOi8vcjMuaS5sZW5jci5vcmcvMCAG
A1UdEQQZMBeCFWNsaWVudGVzLnRpZ2NtLmNvbS5icjATBgNVHSAEDDAKMAgGBmeB
DAECATCCAQUGCisGAQQB1nkCBAIEgfYEgfMA8QB2AEiw42vapkc0D+VqAvqdMOsc
UgHLVt0sgdm7v6s52IRzAAABj1O52bQAAAQDAEcwRQIgCTpq+kUZQ182OpYQuko7
B8VPYLgEus02JpYl/I0mW18CIQDJ8iFZ7k9rhbqT8GJ8wfx9J/BNLR7AEKrbrtj5
oyMMkAB3ABmYEHEJ8NZSLjCA0p4/ZLuDbijM+Q9Sju7fzko/FrTKAAABj1O52dAA
AAQDAEgwRgIhAOgZGGjyG09wFRIxbvd8joGbx4uI/dO/Cz8NQ9WYMsF7AiEA2tdP
4dxc+rN/IHYpdu3z6ORVzQGYWbBLa7JF+oSAtlswDQYJKoZIhvcNAQELBQADggEB
AKSd/wKxQ+5UkmWgBmffK5qW4DQIteGFCC8iDel/mE/f9naTbYb0Ok/MZp1w/7KY
Ay2P1M8LXB0hUHToVxVToBKbQcpny3cANzTlyLCC9enEQDMj6zXvVy/49YXcPJR9
iPxa1xv6Yv8b5hLz+GDoJbNUnetFKbWuN8rortQny9oCtIaisBXgnPvvuaOBfwOO
tlN6JaiVyTxEezhMwL6o0PBF03YRP+I/DyUffiBSd9Ls6aKf+ji9kZ3gx/bFaw3E
9UJIdVZH9KmOGlJP4MYQmuJTDxEHU8rdYfpoVG2zu9TPurHZ0eGOvwnV03UjRyr1
DeX6rowA7XejCgGGVoHMxL4=
-----END CERTIFICATE-----

-----BEGIN CERTIFICATE-----
MIIFFjCCAv6gAwIBAgIRAJErCErPDBinU/bWLiWnX1owDQYJKoZIhvcNAQELBQAw
TzELMAkGA1UEBhMCVVMxKTAnBgNVBAoTIEludGVybmV0IFNlY3VyaXR5IFJlc2Vh
cmNoIEdyb3VwMRUwEwYDVQQDEwxJU1JHIFJvb3QgWDEwHhcNMjAwOTA0MDAwMDAw
WhcNMjUwOTE1MTYwMDAwWjAyMQswCQYDVQQGEwJVUzEWMBQGA1UEChMNTGV0J3Mg
RW5jcnlwdDELMAkGA1UEAxMCUjMwggEiMA0GCSqGSIb3DQEBAQUAA4IBDwAwggEK
AoIBAQC7AhUozPaglNMPEuyNVZLD+ILxmaZ6QoinXSaqtSu5xUyxr45r+XXIo9cP
R5QUVTVXjJ6oojkZ9YI8QqlObvU7wy7bjcCwXPNZOOftz2nwWgsbvsCUJCWH+jdx
sxPnHKzhm+/b5DtFUkWWqcFTzjTIUu61ru2P3mBw4qVUq7ZtDpelQDRrK9O8Zutm
NHz6a4uPVymZ+DAXXbpyb/uBxa3Shlg9F8fnCbvxK/eG3MHacV3URuPMrSXBiLxg
Z3Vms/EY96Jc5lP/Ooi2R6X/ExjqmAl3P51T+c8B5fWmcBcUr2Ok/5mzk53cU6cG
/kiFHaFpriV1uxPMUgP17VGhi9sVAgMBAAGjggEIMIIBBDAOBgNVHQ8BAf8EBAMC
AYYwHQYDVR0lBBYwFAYIKwYBBQUHAwIGCCsGAQUFBwMBMBIGA1UdEwEB/wQIMAYB
Af8CAQAwHQYDVR0OBBYEFBQusxe3WFbLrlAJQOYfr52LFMLGMB8GA1UdIwQYMBaA
FHm0WeZ7tuXkAXOACIjIGlj26ZtuMDIGCCsGAQUFBwEBBCYwJDAiBggrBgEFBQcw
AoYWaHR0cDovL3gxLmkubGVuY3Iub3JnLzAnBgNVHR8EIDAeMBygGqAYhhZodHRw
Oi8veDEuYy5sZW5jci5vcmcvMCIGA1UdIAQbMBkwCAYGZ4EMAQIBMA0GCysGAQQB
gt8TAQEBMA0GCSqGSIb3DQEBCwUAA4ICAQCFyk5HPqP3hUSFvNVneLKYY611TR6W
PTNlclQtgaDqw+34IL9fzLdwALduO/ZelN7kIJ+m74uyA+eitRY8kc607TkC53wl
ikfmZW4/RvTZ8M6UK+5UzhK8jCdLuMGYL6KvzXGRSgi3yLgjewQtCPkIVz6D2QQz
CkcheAmCJ8MqyJu5zlzyZMjAvnnAT45tRAxekrsu94sQ4egdRCnbWSDtY7kh+BIm
lJNXoB1lBMEKIq4QDUOXoRgffuDghje1WrG9ML+Hbisq/yFOGwXD9RiX8F6sw6W4
avAuvDszue5L3sz85K+EC4Y/wFVDNvZo4TYXao6Z0f+lQKc0t8DQYzk1OXVu8rp2
yJMC6alLbBfODALZvYH7n7do1AZls4I9d1P4jnkDrQoxB3UqQ9hVl3LEKQ73xF1O
yK5GhDDX8oVfGKF5u+decIsH4YaTw7mP3GFxJSqv3+0lUFJoi5Lc5da149p90Ids
hCExroL1+7mryIkXPeFM5TgO9r0rvZaBFOvV2z0gp35Z0+L4WPlbuEjN/lxPFin+
HlUjr8gRsI3qfJOQFy/9rKIJR0Y/8Omwt/8oTWgy1mdeHmmjk7j1nYsvC9JSQ6Zv
MldlTTKB3zhThV1+XWYp6rjd5JW1zbVWEkLNxE7GJThEUG3szgBVGP7pSWTUTsqX
nLRbwHOoq7hHwg==
-----END CERTIFICATE-----

2024-05-07 15:44:01,151:DEBUG:acme.client:Storing nonce: Gy4YNW4q4uLuFxmMujgqktJE8I-OFm-vcKiyDyAK1xd82Ihof5g
2024-05-07 15:44:01,153:DEBUG:certbot._internal.storage:Creating directory /etc/letsencrypt/archive.
2024-05-07 15:44:01,153:DEBUG:certbot._internal.storage:Creating directory /etc/letsencrypt/live.
2024-05-07 15:44:01,153:DEBUG:certbot._internal.storage:Writing README to /etc/letsencrypt/live/README.
2024-05-07 15:44:01,153:DEBUG:certbot._internal.storage:Creating directory /etc/letsencrypt/archive/clientes.tigcm.com.br.
2024-05-07 15:44:01,154:DEBUG:certbot._internal.storage:Creating directory /etc/letsencrypt/live/clientes.tigcm.com.br.
2024-05-07 15:44:01,154:DEBUG:certbot._internal.storage:Writing certificate to /etc/letsencrypt/live/clientes.tigcm.com.br/cert.pem.
2024-05-07 15:44:01,154:DEBUG:certbot._internal.storage:Writing private key to /etc/letsencrypt/live/clientes.tigcm.com.br/privkey.pem.
2024-05-07 15:44:01,155:DEBUG:certbot._internal.storage:Writing chain to /etc/letsencrypt/live/clientes.tigcm.com.br/chain.pem.
2024-05-07 15:44:01,155:DEBUG:certbot._internal.storage:Writing full chain to /etc/letsencrypt/live/clientes.tigcm.com.br/fullchain.pem.
2024-05-07 15:44:01,155:DEBUG:certbot._internal.storage:Writing README to /etc/letsencrypt/live/clientes.tigcm.com.br/README.
2024-05-07 15:44:01,161:DEBUG:certbot.configuration:Var account=e37f94dcfad790aea470debbe8b23b37 (set by user).
2024-05-07 15:44:01,162:DEBUG:certbot._internal.plugins.selection:Requested authenticator webroot and installer None
2024-05-07 15:44:01,162:DEBUG:certbot._internal.plugins.selection:Requested authenticator webroot and installer None
2024-05-07 15:44:01,162:DEBUG:certbot.configuration:Var webroot_path=['/data/letsencrypt'] (set by user).
2024-05-07 15:44:01,162:DEBUG:certbot.configuration:Var webroot_map={'clientes.tigcm.com.br': '/data/letsencrypt'} (set by user).
2024-05-07 15:44:01,163:DEBUG:certbot._internal.storage:Writing new config /etc/letsencrypt/renewal/clientes.tigcm.com.br.conf.
2024-05-07 15:44:01,165:DEBUG:certbot._internal.display.obj:Notifying user: 
Successfully received certificate.
Certificate is saved at: /etc/letsencrypt/live/clientes.tigcm.com.br/fullchain.pem
Key is saved at:         /etc/letsencrypt/live/clientes.tigcm.com.br/privkey.pem
This certificate expires on 2024-08-05.
These files will be updated when the certificate renews.
2024-05-07 15:44:01,165:DEBUG:certbot._internal.display.obj:Notifying user: NEXT STEPS:
2024-05-07 15:44:01,165:DEBUG:certbot._internal.display.obj:Notifying user: - The certificate will need to be renewed before it expires. Certbot can automatically renew the certificate in the background, but you may need to take steps to enable that functionality. See https://certbot.org/renewal-setup for instructions.
2024-05-07 15:44:01,167:DEBUG:certbot._internal.display.obj:Notifying user: If you like Certbot, please consider supporting our work by:
 * Donating to ISRG / Let's Encrypt:   https://letsencrypt.org/donate
 * Donating to EFF:                    https://eff.org/donate-le
